Start testing: Jun 15 09:47 中国标准时间
----------------------------------------------------------
1/3 Testing: test_hydrophone_unpacker
1/3 Test: test_hydrophone_unpacker
Command: "D:/SOLO-11/51-towed-sonar-eq/build/tests/Release/test_hydrophone_unpacker.exe"
Directory: D:/SOLO-11/51-towed-sonar-eq/build/tests
"test_hydrophone_unpacker" start time: Jun 15 09:47 中国标准时间
Output:
----------------------------------------------------------
========================================
 Hydrophone Unpacker Unit Tests
========================================
Packet size: 213 bytes
Channels: 64

[Test] Basic unpack functionality...
  Valid frames: 100, Time: 0.7876 ms
[Test] Timestamp nanosecond extraction...
  All timestamps correct, start=1700000000000000000, dt=10416ns
[Test] Pressure to depth conversion...
  Depth range: 150 -> 164.5 m
[Test] 64-channel acoustic voltage extraction...
  All 64 channels extracted within voltage range
[Test] CRC corrupted frame detection...
  Valid: 496, Corrupted: 4
[Test] OpenMP parallel vs serial consistency...
  Serial: 9.0907ms, Parallel(4): 3.7603ms
[Test] Frame count estimation...
  Estimation correct

========================================
 Results: 131755 passed, 0 failed
========================================
<end of output>
Test time =   0.06 sec
----------------------------------------------------------
Test Passed.
"test_hydrophone_unpacker" end time: Jun 15 09:47 中国标准时间
"test_hydrophone_unpacker" time elapsed: 00:00:00
----------------------------------------------------------

2/3 Testing: test_cma_equalizer
2/3 Test: test_cma_equalizer
Command: "D:/SOLO-11/51-towed-sonar-eq/build/tests/Release/test_cma_equalizer.exe"
Directory: D:/SOLO-11/51-towed-sonar-eq/build/tests
"test_cma_equalizer" start time: Jun 15 09:47 中国标准时间
Output:
----------------------------------------------------------
========================================
 CMA Blind Equalizer Unit Tests
========================================

[Test] CMA basic real signal equalization...
  Iterations: 200, Converged: NO, Final MSE: 0.0791897
  Input power: 0.446269, Output power: 0.662861
[Test] CMA complex PSK signal equalization...
  Iterations: 150, Converged: NO, Final MSE: 1.118524e-01
[Test] FIR filter convolution...
  FIR convolution correct
[Test] CMA config getter/setter...
  Config getter/setter correct
[Test] CMA edge cases...
  Edge cases handled correctly
[Test] CMA convergence curve generation...
  Avg MSE first half: 1.359617e-01, second half: 1.255696e-01

========================================
 Results: 129 passed, 0 failed
========================================
<end of output>
Test time =   0.19 sec
----------------------------------------------------------
Test Passed.
"test_cma_equalizer" end time: Jun 15 09:47 中国标准时间
"test_cma_equalizer" time elapsed: 00:00:00
----------------------------------------------------------

3/3 Testing: test_python_integration
3/3 Test: test_python_integration
Command: "C:/Users/ZhuanZ/AppData/Local/Programs/Python/Python312/python.exe" "D:/SOLO-11/51-towed-sonar-eq/tests/test_python.py"
Directory: D:/SOLO-11/51-towed-sonar-eq/build/python/Release
"test_python_integration" start time: Jun 15 09:47 中国标准时间
Output:
----------------------------------------------------------
============================================================
  Python Integration Tests for sonar module
============================================================

[Test] Module constants
  [PASS] NUM_CHANNELS is 64
  [PASS] PACKET_SIZE > 0
  NUM_CHANNELS=64, PACKET_SIZE=213

[Test] HydrophoneUnpacker (NumPy output)
  [PASS] unpack_to_numpy returns tuple
  [PASS] valid frames ~500
  [PASS] timestamps shape
  [PASS] depths shape
  [PASS] voltages shape
  [PASS] timestamps increasing
  [PASS] processing time positive
  Valid frames: 500, Corrupted: 0
  Processing time: 1.23 ms
  Voltage range: [-1.5098, 1.5100] V

[Test] HydrophoneUnpacker thread control
  [PASS] default threads > 0
  [PASS] set_num_threads(2)
  [PASS] estimate_frame_count
  [PASS] num_channels static

[Test] CMAEqualizer complex signal
  [PASS] equalized length
  [PASS] weights length
  [PASS] convergence curve
  [PASS] iterations in range
  [PASS] processing time positive
  [PASS] MSE is finite
  Iterations: 100, Converged: False
  Final MSE: 1.157368e-01, Time: 21.47 ms
  First MSE: 1.1220e-01, Last MSE: 1.1574e-01

[Test] CMAEqualizer real signal via standard API
  [PASS] result type
  [PASS] equalized length
  [PASS] weights length
  [PASS] iterations > 0
  Iterations: 50, Converged: False
  Final MSE: 7.817281e-02

[Test] CMAEqualizer apply_filter
  [PASS] output length
  [PASS] first value correct
  [PASS] steady-state correct

[Test] Config classes
  [PASS] default filter_taps
  [PASS] default step_size
  [PASS] default modulus
  [PASS] filter_taps assignable
  [PASS] step_size assignable
  [PASS] frame timestamp
  [PASS] frame depth
  [PASS] frame voltage
  [PASS] all channels present

============================================================
  Results: 35 passed, 0 failed
============================================================
<end of output>
Test time =   0.49 sec
----------------------------------------------------------
Test Passed.
"test_python_integration" end time: Jun 15 09:47 中国标准时间
"test_python_integration" time elapsed: 00:00:00
----------------------------------------------------------

End testing: Jun 15 09:47 中国标准时间
