Start testing: Jun 15 10:50 中国标准时间
----------------------------------------------------------
1/4 Testing: test_hydrophone_unpacker
1/4 Test: test_hydrophone_unpacker
Command: "D:/SOLO-11/51-towed-sonar-eq/build/tests/Release/test_hydrophone_unpacker.exe"
Directory: D:/SOLO-11/51-towed-sonar-eq/build/tests
"test_hydrophone_unpacker" start time: Jun 15 10:50 中国标准时间
Output:
----------------------------------------------------------
========================================
 Hydrophone Unpacker Unit Tests
========================================
Packet size: 213 bytes
Channels: 64

[Test] Basic unpack functionality...
  Valid frames: 100, Time: 0.7825 ms
[Test] Timestamp nanosecond extraction...
  All timestamps correct, start=1700000000000000000, dt=10416ns
[Test] Pressure to depth conversion...
  Depth range: 150 -> 164.5 m
[Test] 64-channel acoustic voltage extraction...
  All 64 channels extracted within voltage range
[Test] CRC corrupted frame detection...
  Valid: 496, Corrupted: 4
[Test] OpenMP parallel vs serial consistency...
  Serial: 10.5682ms, Parallel(4): 3.7801ms
[Test] Frame count estimation...
  Estimation correct
[Test] Thermocline dive step stream (no crash)...
  Frames: 10000, Depth: 80 -> 650 m, Time: 10.6033 ms
[Test] Many-thread chunk alignment boundary...
  All non-aligned frame counts (7-511) with 16 threads: OK

========================================
 Results: 771774 passed, 0 failed
========================================
<end of output>
Test time =   0.14 sec
----------------------------------------------------------
Test Passed.
"test_hydrophone_unpacker" end time: Jun 15 10:50 中国标准时间
"test_hydrophone_unpacker" time elapsed: 00:00:00
----------------------------------------------------------

2/4 Testing: test_cma_equalizer
2/4 Test: test_cma_equalizer
Command: "D:/SOLO-11/51-towed-sonar-eq/build/tests/Release/test_cma_equalizer.exe"
Directory: D:/SOLO-11/51-towed-sonar-eq/build/tests
"test_cma_equalizer" start time: Jun 15 10:50 中国标准时间
Output:
----------------------------------------------------------
========================================
 CMA Blind Equalizer Unit Tests
========================================

[Test] CMA basic real signal equalization...
  Iterations: 200, Converged: NO, Final MSE: 0.078961
  Input power: 0.446269, Output power: 0.663383
[Test] CMA complex PSK signal equalization...
  Iterations: 150, Converged: NO, Final MSE: 1.108518e-01
[Test] FIR filter convolution...
  FIR convolution correct
[Test] CMA config getter/setter...
  Config getter/setter correct
[Test] CMA edge cases...
  Edge cases handled correctly
[Test] CMA convergence curve generation...
  Avg MSE first half: 1.356345e-01, second half: 1.250197e-01
[Test] CMA thermocline step transient (no crash)...
  Pre-step max amp: 3.384018e+01, Post-step max amp: 1.042846e+02
  Step-transient equalized OK: iterations=150, final MSE=6.323145e+17
[Test] CMA non-aligned remainder boundary guard...
  All non-aligned tap counts (7-33) processed without bounds violation
[Test] CMA BFP normalization on/off consistency...
  Both BFP=ON and BFP=OFF completed successfully

========================================
 Results: 16222 passed, 0 failed
========================================
<end of output>
Test time =   2.05 sec
----------------------------------------------------------
Test Passed.
"test_cma_equalizer" end time: Jun 15 10:50 中国标准时间
"test_cma_equalizer" time elapsed: 00:00:02
----------------------------------------------------------

3/4 Testing: test_doppler_spectrum
3/4 Test: test_doppler_spectrum
Command: "D:/SOLO-11/51-towed-sonar-eq/build/tests/Release/test_doppler_spectrum.exe"
Directory: D:/SOLO-11/51-towed-sonar-eq/build/tests
"test_doppler_spectrum" start time: Jun 15 10:50 中国标准时间
Output:
----------------------------------------------------------
========================================
 Doppler & Spectrum Engine Tests
========================================

[Test] Vec3 basic operations...
[Test] AcousticRayTracer basic SSP interpolation...
  interpolated c(300m) = 1500 m/s
[Test] AcousticRayTracer high-speed collision scenario...
  generated 81 rays for grid=9x9=81 requests
  max |doppler| = 1.15111e-311 Hz at fc=3000 Hz, finite=81/81
[Test] DopplerResampler phase derotation...
  max phase error after derot: 0.00654498 rad
[Test] DopplerResampler polynomial design...
  designed 64 polynomials
[Test] SpectrumEngine Welch PSD...
  ch0 peak freq = 4968.75 Hz, PSD = 1.87433 dB
[Test] CMA with Doppler feed-forward integration (no crash)...
  iter=5, final MSE=2.1829e+20, eq time=139.632 ms
  resampled size=241, rays=81, residual drift=0 ppm
[Test] Full pipeline stress (moving target, 4 channels)...
  final PSD bins/ch OK for 4 channels, 4096 samples

========================================
 Results: 31 passed, 0 failed
========================================
<end of output>
Test time =   0.40 sec
----------------------------------------------------------
Test Passed.
"test_doppler_spectrum" end time: Jun 15 10:50 中国标准时间
"test_doppler_spectrum" time elapsed: 00:00:00
----------------------------------------------------------

4/4 Testing: test_python_integration
4/4 Test: test_python_integration
Command: "C:/Users/ZhuanZ/AppData/Local/Programs/Python/Python312/python.exe" "D:/SOLO-11/51-towed-sonar-eq/tests/test_python.py"
Directory: D:/SOLO-11/51-towed-sonar-eq/build/python/Release
"test_python_integration" start time: Jun 15 10:50 中国标准时间
Output:
----------------------------------------------------------
============================================================
  Python Integration Tests for sonar module
============================================================

[Test] Module constants
  [PASS] NUM_CHANNELS is 64
  [PASS] PACKET_SIZE > 0
  NUM_CHANNELS=64, PACKET_SIZE=213

[Test] HydrophoneUnpacker (NumPy output)
  [PASS] unpack_to_numpy returns tuple
  [PASS] valid frames ~500
  [PASS] timestamps shape
  [PASS] depths shape
  [PASS] voltages shape
  [PASS] timestamps increasing
  [PASS] processing time positive
  Valid frames: 500, Corrupted: 0
  Processing time: 1.83 ms
  Voltage range: [-1.5098, 1.5100] V

[Test] HydrophoneUnpacker thread control
  [PASS] default threads > 0
  [PASS] set_num_threads(2)
  [PASS] estimate_frame_count
  [PASS] num_channels static

[Test] CMAEqualizer complex signal
  [PASS] equalized length
  [PASS] weights length
  [PASS] convergence curve
  [PASS] doppler output type
  [PASS] iterations in range
  [PASS] processing time positive
  [PASS] MSE is finite
  Iterations: 100, Converged: False
  Final MSE: 1.139677e-01, Time: 141.72 ms
  First MSE: 1.1220e-01, Last MSE: 1.1397e-01

[Test] CMAEqualizer real signal via standard API
  [PASS] result type
  [PASS] equalized length
  [PASS] weights length
  [PASS] iterations > 0
  Iterations: 50, Converged: False
  Final MSE: 7.867737e-02

[Test] CMAEqualizer apply_filter
  [PASS] output length
  [PASS] first value correct
  [PASS] steady-state correct

[Test] Config classes
  [PASS] default filter_taps
  [PASS] default step_size
  [PASS] default modulus
  [PASS] bfp normalization default True
  [PASS] filter_taps assignable
  [PASS] step_size assignable
  [PASS] bfp normalization assignable
  [PASS] frame timestamp
  [PASS] frame depth
  [PASS] frame voltage
  [PASS] all channels present

[Test] Python thermocline step transient stress test
  [PASS] output length matches
  [PASS] weights length matches taps
  [PASS] all output values finite
  [PASS] all weight values finite
  [PASS] mse finite
  Step transient OK: iters=100, mse=8.5529e+16, time=484.4ms
  [PASS] no crash on thermocline step

============================================================
  Results: 44 passed, 0 failed
============================================================
<end of output>
Test time =   1.03 sec
----------------------------------------------------------
Test Passed.
"test_python_integration" end time: Jun 15 10:50 中国标准时间
"test_python_integration" time elapsed: 00:00:01
----------------------------------------------------------

End testing: Jun 15 10:50 中国标准时间
